<?xml version="1.0" encoding="UTF-8"?>
<!-- Generated by org.testng.reporters.JUnitReportReporter -->
<testsuite hostname="LT-SVAI" failures="0" tests="1" name="com.herokuapp.restfulbooker.CreateBooking" time="3.097" errors="0" timestamp="2024-01-23T17:18:03 IST" skipped="0">
  <testcase classname="com.herokuapp.restfulbooker.CreateBooking" name="createBooking" time="3.097"/>
  <system-out/>
</testsuite> <!-- com.herokuapp.restfulbooker.CreateBooking -->
