<?xml version="1.0" encoding="UTF-8"?>
<!-- Generated by org.testng.reporters.JUnitReportReporter -->
<testsuite hostname="LT-SVAI" failures="0" tests="1" name="com.herokuapp.restfulbooker.GetBookingID" time="2.370" errors="0" timestamp="2024-01-23T14:39:00 IST" skipped="0">
  <testcase classname="com.herokuapp.restfulbooker.GetBookingID" name="getBookingID" time="2.370"/>
  <system-out/>
</testsuite> <!-- com.herokuapp.restfulbooker.GetBookingID -->
