<?xml version="1.0" encoding="UTF-8"?>
<!-- Generated by org.testng.reporters.JUnitReportReporter -->
<testsuite hostname="LT-SVAI" failures="0" tests="2" name="com.herokuapp.restfulbooker.HealthCheckTest" time="3.538" errors="0" timestamp="2024-02-01T11:54:01 IST" skipped="0">
  <testcase classname="com.herokuapp.restfulbooker.HealthCheckTest" name="printhealthCheckTest" time="1.229"/>
  <system-out/>
  <testcase classname="com.herokuapp.restfulbooker.HealthCheckTest" name="healthCheckTest" time="2.309"/>
  <system-out/>
</testsuite> <!-- com.herokuapp.restfulbooker.HealthCheckTest -->
