<?xml version="1.0" encoding="UTF-8"?>
<!-- Generated by org.testng.reporters.JUnitReportReporter -->
<testsuite hostname="LT-SVAI" failures="0" tests="1" name="Booking1.HealthCheck1" time="2.482" errors="0" timestamp="2024-02-01T19:15:45 IST" skipped="0">
  <testcase classname="Booking1.HealthCheck1" name="healthCheck1" time="2.482"/>
  <system-out/>
</testsuite> <!-- Booking1.HealthCheck1 -->
